#
# There is insufficient memory for the Java Runtime Environment to continue.
# Native memory allocation (malloc) failed to allocate 280976 bytes for Chunk::new
# Possible reasons:
#   The system is out of physical RAM or swap space
#   In 32 bit mode, the process size limit was hit
# Possible solutions:
#   Reduce memory load on the system
#   Increase physical memory or swap space
#   Check if swap backing store is full
#   Use 64 bit Java on a 64 bit OS
#   Decrease Java heap size (-Xmx/-Xms)
#   Decrease number of Java threads
#   Decrease Java thread stack sizes (-Xss)
#   Set larger code cache with -XX:ReservedCodeCacheSize=
# This output file may be truncated or incomplete.
#
#  Out of Memory Error (allocation.cpp:390), pid=224928, tid=0x0000000000036f38
#
# JRE version: Java(TM) SE Runtime Environment (8.0_171-b11) (build 1.8.0_171-b11)
# Java VM: Java HotSpot(TM) 64-Bit Server VM (25.171-b11 mixed mode windows-amd64 compressed oops)
# Failed to write core dump. Minidumps are not enabled by default on client versions of Windows
#

---------------  T H R E A D  ---------------

Current thread (0x000000001e05c000):  JavaThread "C2 CompilerThread0" daemon [_thread_in_native, id=225080, stack(0x000000001e850000,0x000000001e950000)]

Stack: [0x000000001e850000,0x000000001e950000]
[error occurred during error reporting (printing stack bounds), id 0xc0000005]

Native frames: (J=compiled Java code, j=interpreted, Vv=VM code, C=native code)


Current CompileTask:
C2:   1423  510   !   4       sun.misc.URLClassPath$JarLoader::getResource (85 bytes)


---------------  P R O C E S S  ---------------

Java Threads: ( => current thread )
  0x000000001e0f3000 JavaThread "Service Thread" daemon [_thread_blocked, id=225096, stack(0x000000001ec50000,0x000000001ed50000)]
  0x000000001e074800 JavaThread "C1 CompilerThread3" daemon [_thread_blocked, id=223864, stack(0x000000001eb50000,0x000000001ec50000)]
  0x000000001e069800 JavaThread "C2 CompilerThread2" daemon [_thread_blocked, id=225088, stack(0x000000001ea50000,0x000000001eb50000)]
  0x000000001e05f800 JavaThread "C2 CompilerThread1" daemon [_thread_blocked, id=225084, stack(0x000000001e950000,0x000000001ea50000)]
=>0x000000001e05c000 JavaThread "C2 CompilerThread0" daemon [_thread_in_native, id=225080, stack(0x000000001e850000,0x000000001e950000)]
  0x000000001e05b000 JavaThread "Attach Listener" daemon [_thread_blocked, id=225076, stack(0x000000001e750000,0x000000001e850000)]
  0x000000001e058000 JavaThread "Signal Dispatcher" daemon [_thread_blocked, id=225040, stack(0x000000001e650000,0x000000001e750000)]
  0x000000001e050800 JavaThread "Finalizer" daemon [_thread_blocked, id=225044, stack(0x000000001e430000,0x000000001e530000)]
  0x00000000026a6000 JavaThread "Reference Handler" daemon [_thread_blocked, id=225024, stack(0x000000001df30000,0x000000001e030000)]
  0x00000000025b3000 JavaThread "main" [_thread_in_native, id=224984, stack(0x00000000024b0000,0x00000000025b0000)]

Other Threads:
  0x000000001c159000 VMThread [stack: 0x000000001de30000,0x000000001df30000] [id=225032]
  0x000000001e114000 WatcherThread [stack: 0x000000001eec0000,0x000000001efc0000] [id=220428]

VM state:not at safepoint (normal execution)

VM Mutex/Monitor currently owned by a thread: None

Heap:
 PSYoungGen      total 76288K, used 14426K [0x000000076b180000, 0x0000000770680000, 0x00000007c0000000)
  eden space 65536K, 22% used [0x000000076b180000,0x000000076bf96bb8,0x000000076f180000)
  from space 10752K, 0% used [0x000000076fc00000,0x000000076fc00000,0x0000000770680000)
  to   space 10752K, 0% used [0x000000076f180000,0x000000076f180000,0x000000076fc00000)
 ParOldGen       total 175104K, used 0K [0x00000006c1400000, 0x00000006cbf00000, 0x000000076b180000)
  object space 175104K, 0% used [0x00000006c1400000,0x00000006c1400000,0x00000006cbf00000)
 Metaspace       used 6505K, capacity 6636K, committed 6784K, reserved 1056768K
  class space    used 792K, capacity 872K, committed 896K, reserved 1048576K

Card table byte_map: [0x0000000011a70000,0x0000000012270000] byte_map_base: 0x000000000e466000

Marking Bits: (ParMarkBitMap*) 0x0000000076dd08c0
 Begin Bits: [0x0000000012fc0000, 0x0000000016f70000)
 End Bits:   [0x0000000016f70000, 0x000000001af20000)

Polling page: 0x0000000000a00000

CodeCache: size=245760Kb used=2326Kb max_used=2326Kb free=243433Kb
 bounds [0x00000000026b0000, 0x0000000002920000, 0x00000000116b0000]
 total_blobs=797 nmethods=527 adapters=183
 compilation: enabled

Compilation events (10 events):
Event: 1.380 Thread 0x000000001e074800  524       3       java.net.URLClassLoader::defineClass (142 bytes)
Event: 1.385 Thread 0x000000001e074800 nmethod 524 0x00000000028f15d0 code [0x00000000028f1940, 0x00000000028f3c38]
Event: 1.385 Thread 0x000000001e074800  523       3       java.lang.invoke.MemberName::isResolved (13 bytes)
Event: 1.385 Thread 0x000000001e074800 nmethod 523 0x00000000028ece10 code [0x00000000028ecf60, 0x00000000028ed110]
Event: 1.388 Thread 0x000000001e074800  525       3       java.util.HashMap::<init> (11 bytes)
Event: 1.388 Thread 0x000000001e074800 nmethod 525 0x00000000028ec9d0 code [0x00000000028ecb40, 0x00000000028ecd50]
Event: 1.400 Thread 0x000000001e074800  526       3       java.util.jar.JarFile::getManifestFromReference (113 bytes)
Event: 1.404 Thread 0x000000001e074800 nmethod 526 0x00000000028ea250 code [0x00000000028ea580, 0x00000000028ebc18]
Event: 1.412 Thread 0x000000001e074800  527       3       java.io.File::<init> (113 bytes)
Event: 1.415 Thread 0x000000001e074800 nmethod 527 0x00000000028f4e90 code [0x00000000028f5100, 0x00000000028f5e68]

GC Heap History (0 events):
No events

Deoptimization events (0 events):
No events

Classes redefined (0 events):
No events

Internal exceptions (10 events):
Event: 0.141 Thread 0x00000000025b3000 Exception <a 'java/lang/NoSuchMethodError': Method sun.misc.Unsafe.prefetchRead(Ljava/lang/Object;J)V name or signature does not match> (0x000000076b187f98) thrown at [C:\re\workspace\8-2-build-windows-amd64-cygwin\jdk8u171\10807\hotspot\src\share\vm\prim
Event: 0.364 Thread 0x00000000025b3000 Exception <a 'java/io/FileNotFoundException'> (0x000000076b1e4018) thrown at [C:\re\workspace\8-2-build-windows-amd64-cygwin\jdk8u171\10807\hotspot\src\share\vm\prims\jni.cpp, line 709]
Event: 0.588 Thread 0x00000000025b3000 Exception <a 'java/security/PrivilegedActionException'> (0x000000076b4cb880) thrown at [C:\re\workspace\8-2-build-windows-amd64-cygwin\jdk8u171\10807\hotspot\src\share\vm\prims\jvm.cpp, line 1435]
Event: 0.588 Thread 0x00000000025b3000 Exception <a 'java/security/PrivilegedActionException'> (0x000000076b4cba90) thrown at [C:\re\workspace\8-2-build-windows-amd64-cygwin\jdk8u171\10807\hotspot\src\share\vm\prims\jvm.cpp, line 1435]
Event: 0.861 Thread 0x00000000025b3000 Exception <a 'java/security/PrivilegedActionException'> (0x000000076b7b2210) thrown at [C:\re\workspace\8-2-build-windows-amd64-cygwin\jdk8u171\10807\hotspot\src\share\vm\prims\jvm.cpp, line 1435]
Event: 0.861 Thread 0x00000000025b3000 Exception <a 'java/security/PrivilegedActionException'> (0x000000076b7b2420) thrown at [C:\re\workspace\8-2-build-windows-amd64-cygwin\jdk8u171\10807\hotspot\src\share\vm\prims\jvm.cpp, line 1435]
Event: 0.863 Thread 0x00000000025b3000 Exception <a 'java/security/PrivilegedActionException'> (0x000000076b7b6090) thrown at [C:\re\workspace\8-2-build-windows-amd64-cygwin\jdk8u171\10807\hotspot\src\share\vm\prims\jvm.cpp, line 1435]
Event: 0.863 Thread 0x00000000025b3000 Exception <a 'java/security/PrivilegedActionException'> (0x000000076b7b62a0) thrown at [C:\re\workspace\8-2-build-windows-amd64-cygwin\jdk8u171\10807\hotspot\src\share\vm\prims\jvm.cpp, line 1435]
Event: 1.107 Thread 0x00000000025b3000 Exception <a 'java/lang/NoSuchFieldError': method resolution failed> (0x000000076ba441f8) thrown at [C:\re\workspace\8-2-build-windows-amd64-cygwin\jdk8u171\10807\hotspot\src\share\vm\prims\methodHandles.cpp, line 1167]
Event: 1.114 Thread 0x00000000025b3000 Exception <a 'java/lang/NoSuchFieldError': method resolution failed> (0x000000076ba514e8) thrown at [C:\re\workspace\8-2-build-windows-amd64-cygwin\jdk8u171\10807\hotspot\src\share\vm\prims\methodHandles.cpp, line 1167]

Events (10 events):
Event: 1.409 loading class org/springframework/beans/MethodInvocationException
Event: 1.409 loading class org/springframework/beans/MethodInvocationException done
Event: 1.411 loading class org/springframework/beans/AbstractNestablePropertyAccessor$PropertyHandler
Event: 1.411 loading class org/springframework/beans/AbstractNestablePropertyAccessor$PropertyHandler done
Event: 1.411 loading class org/springframework/beans/BeanWrapperImpl$BeanPropertyHandler
Event: 1.411 loading class org/springframework/beans/BeanWrapperImpl$BeanPropertyHandler done
Event: 1.413 loading class org/springframework/beans/TypeConverterDelegate
Event: 1.413 loading class org/springframework/beans/TypeConverterDelegate done
Event: 1.417 loading class org/springframework/core/convert/ConversionFailedException
Event: 1.417 loading class org/springframework/core/convert/ConversionFailedException done


Dynamic libraries:
0x00007ff7451e0000 - 0x00007ff745217000 	C:\Program Files\Java\jre1.8.0_171\bin\javaw.exe
0x00007ffaadcd0000 - 0x00007ffaadeb1000 	C:\WINDOWS\SYSTEM32\ntdll.dll
0x00007ffa83410000 - 0x00007ffa83422000 	C:\Program Files (x86)\AVG\Antivirus\aswhook.dll
0x00007ffaab5a0000 - 0x00007ffaab652000 	C:\WINDOWS\System32\KERNEL32.DLL
0x00007ffaaadb0000 - 0x00007ffaab023000 	C:\WINDOWS\System32\KERNELBASE.dll
0x00007ffaab160000 - 0x00007ffaab201000 	C:\WINDOWS\System32\KERNEL32.DLL
0x00007ffaad9e0000 - 0x00007ffaada7e000 	C:\WINDOWS\System32\ADVAPI32.dll
0x00007ffaab270000 - 0x00007ffaab2cb000 	C:\WINDOWS\System32\sechost.dll
0x00007ffaaceb0000 - 0x00007ffaacfd4000 	C:\WINDOWS\System32\USER32.dll
0x00007ffaacfe0000 - 0x00007ffaad170000 	C:\WINDOWS\System32\USER32.dll
0x00007ffaaad90000 - 0x00007ffaaadb0000 	C:\WINDOWS\System32\gdi32full.dll
0x00007ffaab2d0000 - 0x00007ffaab2f8000 	C:\WINDOWS\System32\GDI32.dll
0x00007ffaaabf0000 - 0x00007ffaaad82000 	C:\WINDOWS\WinSxS\amd64_microsoft.windows.common-controls_6595b64144ccf1df_6.0.17134.590_none_fb3d9bff3069e088\COMCTL32.dll
0x00007ffaaaa50000 - 0x00007ffaaaaef000 	C:\WINDOWS\System32\msvcp_win.dll
0x00007ffaaaaf0000 - 0x00007ffaaabea000 	C:\WINDOWS\System32\IMM32.DLL
0x00007ffa9f710000 - 0x00007ffa9f979000 	C:\Program Files\Java\jre1.8.0_171\bin\msvcr100.dll
0x00007ffaad260000 - 0x00007ffaad582000 	C:\WINDOWS\System32\combase.dll
0x00007ffaab030000 - 0x00007ffaab0aa000 	C:\WINDOWS\System32\bcryptPrimitives.dll
0x00007ffaab7c0000 - 0x00007ffaab7ed000 	C:\WINDOWS\System32\WS2_32.dll
0x0000000077590000 - 0x0000000077662000 	C:\WINDOWS\SYSTEM32\WINMM.dll
0x00000000765b0000 - 0x0000000076e50000 	C:\WINDOWS\SYSTEM32\VERSION.dll
0x00007ffaab410000 - 0x00007ffaab418000 	C:\WINDOWS\System32\PSAPI.DLL
0x00007ffa9e440000 - 0x00007ffa9e449000 	C:\WINDOWS\SYSTEM32\WSOCK32.dll
0x00007ffaab7f0000 - 0x00007ffaab85c000 	C:\Program Files\Java\jre1.8.0_171\bin\java.dll
0x00007ffaa5820000 - 0x00007ffaa5843000 	C:\Program Files\Java\jre1.8.0_171\bin\zip.dll
0x00007ffaa4980000 - 0x00007ffaa498a000 	C:\WINDOWS\SYSTEM32va\jre1.8.0_
0x00007ffaa57b0000 - 0x00007ffaa57da000 	C:\WINDOWS\System32\ADVAPI32.dll
0x00007ffaaa0a0000 - 0x00007ffaaa0e9000 	C:\WINDOWS\System32\USER32.dll
0x0000000050000000 - 0x000000005000f000 	C:\WINDOWS\System32\gdi32full.dll
0x0000000077560000 - 0x0000000077589000 	C:\WINDOWS\System32\ucrtbase.d_171\bin\java.dll
0x0000000077540000 - 0x0000000077556000 	C:\Program Files\Java\jre1.8.0_171\bin\zip.dll
0x00007ffaab860000 - 0x00007ffaacca0000 	C:\WINDOWS\System32\bcryptPrimitives.dll
0x00007ffaadbf0000 - 0x00007ffaadc99000 	C:\Program Files\Java\jre1.8.0_171\bin\msvcr100.dll
0x00007ffaaa2e0000 - 0x00007ffaaa9ed000 	C:\WINDOWS\System32\PSAPI.DLL
0x00007ffaad180000 - 0x00007ffaad1d1000 	C:\WINDOWS\System32\WS2_32.dll
0x00007ffaaa010000 - 0x00007ffaaa021000 	C:\WINDOWS\System32\kernel.appcore.dll
0x00007ffaa9ff0000 - 0x00007ffaaa00f000 	C:\WINDOWS\SYSTEM32\WINMMBASE.dll
0x00007ffaaa050000 - 0x00007ffaaa09c000 	C:\Program Files\Java\jre1.8.0_171\bin\verify.dll
0x00007ffaa9fe0000 - 0x00007ffaa9fea000 	C:\WINDOWS\System32\FLTLIB.DLL

VM Arguments:
jvm_args: -Dfile.encoding=UTF-8 
java_command: com.philippe75.libraryBatch.Main
java_class_path (initial): C:\Users\Windows\Desktop\Project7\LibraryGit\Library\libraryBatch\target\classes;C:\Users\Windows\.m2\repository\org\springframework\spring-jdbc\5.1.1.RELEASE\spring-jdbc-5.1.1.RELEASE.jar;C:\Users\Windows\.m2\repository\org\springframework\spring-beans\5.1.1.RELEASE\spring-beans-5.1.1.RELEASE.jar;C:\Users\Windows\.m2\repository\org\springframework\spring-core\5.1.1.RELEASE\spring-core-5.1.1.RELEASE.jar;C:\Users\Windows\.m2\repository\org\springframework\spring-jcl\5.1.1.RELEASE\spring-jcl-5.1.1.RELEASE.jar;C:\Users\Windows\.m2\repository\org\springframework\spring-tx\5.1.1.RELEASE\spring-tx-5.1.1.RELEASE.jar;C:\Users\Windows\.m2\repository\org\springframework\batch\spring-batch-core\4.1.1.RELEASE\spring-batch-core-4.1.1.RELEASE.jar;C:\Users\Windows\.m2\repository\com\fasterxml\jackson\core\jackson-databind\2.9.8\jackson-databind-2.9.8.jar;C:\Users\Windows\.m2\repository\com\fasterxml\jackson\core\jackson-annotations\2.9.0\jackson-annotations-2.9.0.jar;C:\Users\Windows\.m2\repository\com\fasterxml\jackson\core\jackson-core\2.9.8\jackson-core-2.9.8.jar;C:\Users\Windows\.m2\repository\javax\batch\javax.batch-api\1.0\javax.batch-api-1.0.jar;C:\Users\Windows\.m2\repository\org\codehaus\jettison\jettison\1.2\jettison-1.2.jar;C:\Users\Windows\.m2\repository\org\springframework\batch\spring-batch-infrastructure\4.1.1.RELEASE\spring-batch-infrastructure-4.1.1.RELEASE.jar;C:\Users\Windows\.m2\repository\org\springframework\retry\spring-retry\1.2.2.RELEASE\spring-retry-1.2.2.RELEASE.jar;C:\Users\Windows\.m2\repository\org\springframework\spring-aop\5.1.4.RELEASE\spring-aop-5.1.4.RELEASE.jar;C:\Users\Windows\.m2\repository\org\springframework\spring-context\5.1.4.RELEASE\spring-context-5.1.4.RELEASE.jar;C:\Users\Windows\.m2\repository\org\springframework\spring-expression\5.1.4.RELEASE\spring-expression-5.1.4.RELEASE.jar;C:\Users\Windows\.m2\repository\org\postgresql\postgresql\9.4.1212\postgresql-9.4.1212.jar;C:\Users\Windows\.m2\repository\org\sp
Launcher Type: SUN_STANDARD

Environment Variables:
JAVA_HOME=C:\Program Files\Java\jdk1.8.0_202
PATH=C:/Program Files/Java/jdk1.8.0_202/bin/../jre/bin/server;C:/Program Files/Java/jdk1.8.0_202/bin/../jre/bin;C:/Program Files/Java/jdk1.8.0_202/bin/../jre/lib/amd64;C:\Program Files (x86)\Intel\iCLS Client\;C:\Program Files\Intel\iCLS Client\;C:\WINDOWS\system32;C:\WINDOWS;C:\WINDOWS\System32\Wbem;C:\WINDOWS\System32\WindowsPowerShell\v1.0\;C:\Program Files\Intel\Intel(R) Management Engine Components\DAL;C:\Program Files\Intel\Intel(R) Management Engine Components\IPT;C:\Program Files (x86)\Intel\Intel(R) Management Engine Components\DAL;C:\Program Files (x86)\Intel\Intel(R) Management Engine Components\IPT;C:\Program Files\WIDCOMM\Bluetooth Software\;C:\Program Files\WIDCOMM\Bluetooth Software\syswow64;C:\Program Files (x86)\Pinnacle\Shared Files\;C:\Program Files (x86)\Pinnacle\Shared Files\Filter\;C:\Program Files (x86)\NVIDIA Corporation\PhysX\Common;C:\Program Files (x86)\Skype\Phone\;C:\WINDOWS\system32;C:\WINDOWS;C:\WINDOWS\System32\Wbem;C:\WINDOWS\System32\WindowsPowerShell\v1.0\;C:\Program Files\Git\cmd;C:\Program Files\Java\jdk1.8.0_202\bin;C:\Dev\software\apache-maven-3.5.4\bin;C:\WINDOWS\System32\OpenSSH\;C:\Dev\software\glassfish5\bin;C:\Users\Windows\AppData\Local\Microsoft\WindowsApps;C:\Program Files\MySQL\MySQL Server 8.0\bin;C:\Dev\Software\glassfish5\bin;;C:\Dev\software\EclipseJEE;
USERNAME=Windows
OS=Windows_NT
PROCESSOR_IDENTIFIER=Intel64 Family 6 Model 60 Stepping 3, GenuineIntel



---------------  S Y S T E M  ---------------

OS: Windows 10.0 , 64 bit Build 17134 (10.0.17134.556)

CPU:total 8 (initial active 8) (4 cores per cpu, 2 threads per core) family 6 model 60 stepping 3, cmov, cx8, fxsr, mmx, sse, sse2, sse3, ssse3, sse4.1, sse4.2, popcnt, avx, avx2, aes, clmul, erms, lzcnt, ht, tsc, tscinvbit, bmi1, bmi2

Memory: 4k page, physical 16692716k(5334868k free), swap 16692716k(2276k free)

vm_info: Java HotSpot(TM) 64-Bit Server VM (25.171-b11) for windows-amd64 JRE (1.8.0_171-b11), built on Mar 28 2018 16:06:12 by "java_re" with MS VC++ 10.0 (VS2010)

time: Thu Feb 21 11:52:12 2019
elapsed time: 1 seconds (0d 0h 0m 1s)

